0 verbose cli [ '/usr/bin/node', '/usr/bin/npm', 'install' ]
1 info using npm@8.5.1
2 info using node@v12.22.9
3 timing npm:load:whichnode Completed in 0ms
4 timing config:load:defaults Completed in 2ms
5 timing config:load:file:/usr/share/nodejs/npm/npmrc Completed in 15ms
6 timing config:load:builtin Completed in 15ms
7 timing config:load:cli Completed in 7ms
8 timing config:load:env Completed in 1ms
9 timing config:load:file:/root/final/.npmrc Completed in 1ms
10 timing config:load:project Completed in 2ms
11 timing config:load:file:/root/.npmrc Completed in 0ms
12 timing config:load:user Completed in 0ms
13 timing config:load:file:/etc/npmrc Completed in 0ms
14 timing config:load:global Completed in 0ms
15 timing config:load:validate Completed in 1ms
16 timing config:load:credentials Completed in 3ms
17 timing config:load:setEnvs Completed in 1ms
18 timing config:load Completed in 32ms
19 timing npm:load:configload Completed in 32ms
20 timing npm:load:setTitle Completed in 1ms
21 timing config:load:flatten Completed in 5ms
22 timing npm:load:display Completed in 7ms
23 verbose logfile /root/.npm/_logs/2023-06-22T16_02_58_517Z-debug-0.log
24 timing npm:load:logFile Completed in 8ms
25 timing npm:load:timers Completed in 0ms
26 timing npm:load:configScope Completed in 0ms
27 timing npm:load Completed in 50ms
28 timing arborist:ctor Completed in 1ms
29 timing arborist:ctor Completed in 0ms
30 timing idealTree:init Completed in 21ms
31 timing idealTree:userRequests Completed in 1ms
32 silly idealTree buildDeps
33 silly fetch manifest cors@^2.8.5
34 http fetch GET 200 https://registry.npmjs.org/cors 105ms (cache miss)
35 silly fetch manifest express@^4.17.1
36 http fetch GET 200 https://registry.npmjs.org/express 43ms (cache miss)
37 silly fetch manifest nodemon@^2.0.7
38 http fetch GET 200 https://registry.npmjs.org/nodemon 27ms (cache miss)
39 silly placeDep ROOT cors@2.8.5 OK for: EXERCISE2-BACKEND@1.0.0 want: ^2.8.5
40 silly placeDep ROOT express@4.18.2 OK for: EXERCISE2-BACKEND@1.0.0 want: ^4.17.1
41 silly placeDep ROOT nodemon@2.0.22 OK for: EXERCISE2-BACKEND@1.0.0 want: ^2.0.7
42 silly fetch manifest object-assign@^4
43 silly fetch manifest vary@^1
44 silly fetch manifest accepts@~1.3.8
45 silly fetch manifest array-flatten@1.1.1
46 silly fetch manifest body-parser@1.20.1
47 silly fetch manifest content-disposition@0.5.4
48 silly fetch manifest content-type@~1.0.4
49 silly fetch manifest cookie@0.5.0
50 silly fetch manifest cookie-signature@1.0.6
51 silly fetch manifest debug@2.6.9
52 silly fetch manifest depd@2.0.0
53 silly fetch manifest encodeurl@~1.0.2
54 silly fetch manifest escape-html@~1.0.3
55 silly fetch manifest etag@~1.8.1
56 silly fetch manifest finalhandler@1.2.0
57 silly fetch manifest fresh@0.5.2
58 silly fetch manifest http-errors@2.0.0
59 silly fetch manifest merge-descriptors@1.0.1
60 silly fetch manifest methods@~1.1.2
61 silly fetch manifest on-finished@2.4.1
62 silly fetch manifest parseurl@~1.3.3
63 silly fetch manifest path-to-regexp@0.1.7
64 silly fetch manifest proxy-addr@~2.0.7
65 silly fetch manifest qs@6.11.0
66 silly fetch manifest range-parser@~1.2.1
67 silly fetch manifest safe-buffer@5.2.1
68 silly fetch manifest send@0.18.0
69 silly fetch manifest serve-static@1.15.0
70 silly fetch manifest setprototypeof@1.2.0
71 silly fetch manifest statuses@2.0.1
72 silly fetch manifest type-is@~1.6.18
73 silly fetch manifest utils-merge@1.0.1
74 silly fetch manifest vary@~1.1.2
75 silly fetch manifest chokidar@^3.5.2
76 silly fetch manifest debug@^3.2.7
77 silly fetch manifest ignore-by-default@^1.0.1
78 silly fetch manifest minimatch@^3.1.2
79 silly fetch manifest pstree.remy@^1.1.8
80 silly fetch manifest semver@^5.7.1
81 silly fetch manifest simple-update-notifier@^1.0.7
82 silly fetch manifest supports-color@^5.5.0
83 silly fetch manifest touch@^3.1.0
84 silly fetch manifest undefsafe@^2.0.5
85 http fetch GET 200 https://registry.npmjs.org/object-assign 209ms (cache miss)
86 http fetch GET 200 https://registry.npmjs.org/fresh 183ms (cache miss)
87 http fetch GET 200 https://registry.npmjs.org/content-type 444ms (cache miss)
88 http fetch GET 200 https://registry.npmjs.org/content-disposition 450ms (cache miss)
89 http fetch GET 200 https://registry.npmjs.org/merge-descriptors 420ms (cache miss)
90 http fetch GET 200 https://registry.npmjs.org/range-parser 412ms (cache miss)
91 http fetch GET 200 https://registry.npmjs.org/cookie 450ms (cache miss)
92 http fetch GET 200 https://registry.npmjs.org/array-flatten 459ms (cache miss)
93 http fetch GET 200 https://registry.npmjs.org/etag 437ms (cache miss)
94 http fetch GET 200 https://registry.npmjs.org/depd 449ms (cache miss)
95 http fetch GET 200 https://registry.npmjs.org/encodeurl 442ms (cache miss)
96 http fetch GET 200 https://registry.npmjs.org/body-parser 462ms (cache miss)
97 http fetch GET 200 https://registry.npmjs.org/accepts 466ms (cache miss)
98 http fetch GET 200 https://registry.npmjs.org/vary 468ms (cache miss)
99 http fetch GET 200 https://registry.npmjs.org/http-errors 434ms (cache miss)
100 http fetch GET 200 https://registry.npmjs.org/escape-html 446ms (cache miss)
101 http fetch GET 200 https://registry.npmjs.org/finalhandler 441ms (cache miss)
102 http fetch GET 200 https://registry.npmjs.org/methods 434ms (cache miss)
103 http fetch GET 200 https://registry.npmjs.org/chokidar 410ms (cache miss)
104 http fetch GET 200 https://registry.npmjs.org/debug 463ms (cache miss)
105 http fetch GET 200 https://registry.npmjs.org/on-finished 440ms (cache miss)
106 http fetch GET 200 https://registry.npmjs.org/parseurl 439ms (cache miss)
107 http fetch GET 200 https://registry.npmjs.org/cookie-signature 468ms (cache miss)
108 http fetch GET 200 https://registry.npmjs.org/path-to-regexp 440ms (cache miss)
109 http fetch GET 200 https://registry.npmjs.org/proxy-addr 439ms (cache miss)
110 http fetch GET 200 https://registry.npmjs.org/simple-update-notifier 415ms (cache miss)
111 http fetch GET 200 https://registry.npmjs.org/qs 441ms (cache miss)
112 http fetch GET 200 https://registry.npmjs.org/send 436ms (cache miss)
113 http fetch GET 200 https://registry.npmjs.org/serve-static 436ms (cache miss)
114 http fetch GET 200 https://registry.npmjs.org/setprototypeof 436ms (cache miss)
115 http fetch GET 200 https://registry.npmjs.org/safe-buffer 440ms (cache miss)
116 http fetch GET 200 https://registry.npmjs.org/statuses 437ms (cache miss)
117 http fetch GET 200 https://registry.npmjs.org/type-is 436ms (cache miss)
118 http fetch GET 200 https://registry.npmjs.org/utils-merge 436ms (cache miss)
119 http fetch GET 200 https://registry.npmjs.org/touch 420ms (cache miss)
120 http fetch GET 200 https://registry.npmjs.org/undefsafe 413ms (cache miss)
121 http fetch GET 200 https://registry.npmjs.org/pstree.remy 427ms (cache miss)
122 http fetch GET 200 https://registry.npmjs.org/ignore-by-default 429ms (cache miss)
123 http fetch GET 200 https://registry.npmjs.org/supports-color 425ms (cache miss)
124 http fetch GET 200 https://registry.npmjs.org/minimatch 430ms (cache miss)
125 http fetch GET 200 https://registry.npmjs.org/semver 433ms (cache miss)
126 timing idealTree:#root Completed in 712ms
127 silly placeDep ROOT object-assign@4.1.1 OK for: cors@2.8.5 want: ^4
128 silly placeDep ROOT vary@1.1.2 OK for: cors@2.8.5 want: ^1
129 timing idealTree:node_modules/cors Completed in 12ms
130 silly placeDep ROOT accepts@1.3.8 OK for: express@4.18.2 want: ~1.3.8
131 silly placeDep ROOT array-flatten@1.1.1 OK for: express@4.18.2 want: 1.1.1
132 silly placeDep ROOT body-parser@1.20.1 OK for: express@4.18.2 want: 1.20.1
133 silly placeDep ROOT content-disposition@0.5.4 OK for: express@4.18.2 want: 0.5.4
134 silly placeDep ROOT content-type@1.0.5 OK for: express@4.18.2 want: ~1.0.4
135 silly placeDep ROOT cookie@0.5.0 OK for: express@4.18.2 want: 0.5.0
136 silly placeDep ROOT cookie-signature@1.0.6 OK for: express@4.18.2 want: 1.0.6
137 silly placeDep ROOT debug@2.6.9 OK for: express@4.18.2 want: 2.6.9
138 silly placeDep ROOT depd@2.0.0 OK for: express@4.18.2 want: 2.0.0
139 silly placeDep ROOT encodeurl@1.0.2 OK for: express@4.18.2 want: ~1.0.2
140 silly placeDep ROOT escape-html@1.0.3 OK for: express@4.18.2 want: ~1.0.3
141 silly placeDep ROOT etag@1.8.1 OK for: express@4.18.2 want: ~1.8.1
142 silly placeDep ROOT finalhandler@1.2.0 OK for: express@4.18.2 want: 1.2.0
143 silly placeDep ROOT fresh@0.5.2 OK for: express@4.18.2 want: 0.5.2
144 silly placeDep ROOT http-errors@2.0.0 OK for: express@4.18.2 want: 2.0.0
145 silly placeDep ROOT merge-descriptors@1.0.1 OK for: express@4.18.2 want: 1.0.1
146 silly placeDep ROOT methods@1.1.2 OK for: express@4.18.2 want: ~1.1.2
147 silly placeDep ROOT on-finished@2.4.1 OK for: express@4.18.2 want: 2.4.1
148 silly placeDep ROOT parseurl@1.3.3 OK for: express@4.18.2 want: ~1.3.3
149 silly placeDep ROOT path-to-regexp@0.1.7 OK for: express@4.18.2 want: 0.1.7
150 silly placeDep ROOT proxy-addr@2.0.7 OK for: express@4.18.2 want: ~2.0.7
151 silly placeDep ROOT qs@6.11.0 OK for: express@4.18.2 want: 6.11.0
152 silly placeDep ROOT range-parser@1.2.1 OK for: express@4.18.2 want: ~1.2.1
153 silly placeDep ROOT safe-buffer@5.2.1 OK for: express@4.18.2 want: 5.2.1
154 silly placeDep ROOT send@0.18.0 OK for: express@4.18.2 want: 0.18.0
155 silly placeDep ROOT serve-static@1.15.0 OK for: express@4.18.2 want: 1.15.0
156 silly placeDep ROOT setprototypeof@1.2.0 OK for: express@4.18.2 want: 1.2.0
157 silly placeDep ROOT statuses@2.0.1 OK for: express@4.18.2 want: 2.0.1
158 silly placeDep ROOT type-is@1.6.18 OK for: express@4.18.2 want: ~1.6.18
159 silly placeDep ROOT utils-merge@1.0.1 OK for: express@4.18.2 want: 1.0.1
160 silly fetch manifest mime-types@~2.1.34
161 silly fetch manifest negotiator@0.6.3
162 silly fetch manifest bytes@3.1.2
163 silly fetch manifest destroy@1.2.0
164 silly fetch manifest iconv-lite@0.4.24
165 silly fetch manifest raw-body@2.5.1
166 silly fetch manifest unpipe@1.0.0
167 silly fetch manifest ms@2.0.0
168 silly fetch manifest unpipe@~1.0.0
169 silly fetch manifest inherits@2.0.4
170 silly fetch manifest toidentifier@1.0.1
171 silly fetch manifest ee-first@1.1.1
172 silly fetch manifest forwarded@0.2.0
173 silly fetch manifest ipaddr.js@1.9.1
174 silly fetch manifest side-channel@^1.0.4
175 silly fetch manifest mime@1.6.0
176 silly fetch manifest ms@2.1.3
177 silly fetch manifest media-typer@0.3.0
178 silly fetch manifest mime-types@~2.1.24
179 http fetch GET 200 https://registry.npmjs.org/iconv-lite 142ms (cache miss)
180 http fetch GET 200 https://registry.npmjs.org/ee-first 137ms (cache miss)
181 http fetch GET 200 https://registry.npmjs.org/raw-body 145ms (cache miss)
182 http fetch GET 200 https://registry.npmjs.org/forwarded 138ms (cache miss)
183 http fetch GET 200 https://registry.npmjs.org/bytes 150ms (cache miss)
184 http fetch GET 200 https://registry.npmjs.org/mime 135ms (cache miss)
185 http fetch GET 200 https://registry.npmjs.org/ipaddr.js 139ms (cache miss)
186 http fetch GET 200 https://registry.npmjs.org/side-channel 138ms (cache miss)
187 http fetch GET 200 https://registry.npmjs.org/ms 146ms (cache miss)
188 http fetch GET 200 https://registry.npmjs.org/destroy 158ms (cache miss)
189 http fetch GET 200 https://registry.npmjs.org/mime-types 162ms (cache miss)
190 http fetch GET 200 https://registry.npmjs.org/toidentifier 158ms (cache miss)
191 http fetch GET 200 https://registry.npmjs.org/unpipe 163ms (cache miss)
192 http fetch GET 200 https://registry.npmjs.org/negotiator 170ms (cache miss)
193 http fetch GET 200 https://registry.npmjs.org/inherits 161ms (cache miss)
194 http fetch GET 200 https://registry.npmjs.org/media-typer 152ms (cache miss)
195 timing idealTree:node_modules/express Completed in 259ms
196 silly placeDep ROOT mime-types@2.1.35 OK for: accepts@1.3.8 want: ~2.1.34
197 silly placeDep ROOT negotiator@0.6.3 OK for: accepts@1.3.8 want: 0.6.3
198 silly fetch manifest mime-db@1.52.0
199 http fetch GET 200 https://registry.npmjs.org/mime-db 27ms (cache miss)
200 timing idealTree:node_modules/accepts Completed in 35ms
201 timing idealTree:node_modules/array-flatten Completed in 1ms
202 silly placeDep ROOT bytes@3.1.2 OK for: body-parser@1.20.1 want: 3.1.2
203 silly placeDep ROOT destroy@1.2.0 OK for: body-parser@1.20.1 want: 1.2.0
204 silly placeDep ROOT iconv-lite@0.4.24 OK for: body-parser@1.20.1 want: 0.4.24
205 silly placeDep ROOT raw-body@2.5.1 OK for: body-parser@1.20.1 want: 2.5.1
206 silly placeDep ROOT unpipe@1.0.0 OK for: body-parser@1.20.1 want: 1.0.0
207 silly fetch manifest safer-buffer@>= 2.1.2 < 3
208 http fetch GET 200 https://registry.npmjs.org/safer-buffer 25ms (cache miss)
209 timing idealTree:node_modules/body-parser Completed in 48ms
210 timing idealTree:node_modules/bytes Completed in 0ms
211 timing idealTree:node_modules/content-disposition Completed in 0ms
212 timing idealTree:node_modules/content-type Completed in 0ms
213 timing idealTree:node_modules/cookie Completed in 0ms
214 timing idealTree:node_modules/cookie-signature Completed in 0ms
215 silly placeDep ROOT ms@2.0.0 OK for: debug@2.6.9 want: 2.0.0
216 timing idealTree:node_modules/debug Completed in 2ms
217 timing idealTree:node_modules/depd Completed in 0ms
218 timing idealTree:node_modules/destroy Completed in 1ms
219 timing idealTree:node_modules/encodeurl Completed in 0ms
220 timing idealTree:node_modules/escape-html Completed in 0ms
221 timing idealTree:node_modules/etag Completed in 0ms
222 timing idealTree:node_modules/finalhandler Completed in 0ms
223 timing idealTree:node_modules/fresh Completed in 0ms
224 silly placeDep ROOT inherits@2.0.4 OK for: http-errors@2.0.0 want: 2.0.4
225 silly placeDep ROOT toidentifier@1.0.1 OK for: http-errors@2.0.0 want: 1.0.1
226 timing idealTree:node_modules/http-errors Completed in 3ms
227 silly placeDep ROOT safer-buffer@2.1.2 OK for: iconv-lite@0.4.24 want: >= 2.1.2 < 3
228 timing idealTree:node_modules/iconv-lite Completed in 2ms
229 timing idealTree:node_modules/inherits Completed in 0ms
230 timing idealTree:node_modules/merge-descriptors Completed in 0ms
231 timing idealTree:node_modules/methods Completed in 0ms
232 silly placeDep ROOT mime-db@1.52.0 OK for: mime-types@2.1.35 want: 1.52.0
233 timing idealTree:node_modules/mime-types Completed in 1ms
234 timing idealTree:node_modules/mime-db Completed in 0ms
235 timing idealTree:node_modules/ms Completed in 0ms
236 timing idealTree:node_modules/negotiator Completed in 0ms
237 silly placeDep ROOT chokidar@3.5.3 OK for: nodemon@2.0.22 want: ^3.5.2
238 silly placeDep node_modules/nodemon debug@3.2.7 OK for: nodemon@2.0.22 want: ^3.2.7
239 silly placeDep ROOT ignore-by-default@1.0.1 OK for: nodemon@2.0.22 want: ^1.0.1
240 silly placeDep ROOT minimatch@3.1.2 OK for: nodemon@2.0.22 want: ^3.1.2
241 silly placeDep ROOT pstree.remy@1.1.8 OK for: nodemon@2.0.22 want: ^1.1.8
242 silly placeDep ROOT semver@5.7.1 OK for: nodemon@2.0.22 want: ^5.7.1
243 silly placeDep ROOT simple-update-notifier@1.1.0 OK for: nodemon@2.0.22 want: ^1.0.7
244 silly placeDep ROOT supports-color@5.5.0 OK for: nodemon@2.0.22 want: ^5.5.0
245 silly placeDep ROOT touch@3.1.0 OK for: nodemon@2.0.22 want: ^3.1.0
246 silly placeDep ROOT undefsafe@2.0.5 OK for: nodemon@2.0.22 want: ^2.0.5
247 silly fetch manifest anymatch@~3.1.2
248 silly fetch manifest braces@~3.0.2
249 silly fetch manifest glob-parent@~5.1.2
250 silly fetch manifest is-binary-path@~2.1.0
251 silly fetch manifest is-glob@~4.0.1
252 silly fetch manifest normalize-path@~3.0.0
253 silly fetch manifest readdirp@~3.6.0
254 silly fetch manifest fsevents@~2.3.2
255 silly fetch manifest ms@^2.1.1
256 silly fetch manifest brace-expansion@^1.1.7
257 silly fetch manifest semver@~7.0.0
258 silly fetch manifest has-flag@^3.0.0
259 silly fetch manifest nopt@~1.0.10
260 http fetch GET 200 https://registry.npmjs.org/is-glob 80ms (cache miss)
261 http fetch GET 200 https://registry.npmjs.org/brace-expansion 75ms (cache miss)
262 http fetch GET 200 https://registry.npmjs.org/braces 86ms (cache miss)
263 http fetch GET 200 https://registry.npmjs.org/glob-parent 87ms (cache miss)
264 http fetch GET 200 https://registry.npmjs.org/fsevents 90ms (cache miss)
265 http fetch GET 200 https://registry.npmjs.org/normalize-path 93ms (cache miss)
266 http fetch GET 200 https://registry.npmjs.org/is-binary-path 97ms (cache miss)
267 http fetch GET 200 https://registry.npmjs.org/readdirp 93ms (cache miss)
268 http fetch GET 200 https://registry.npmjs.org/anymatch 101ms (cache miss)
269 http fetch GET 200 https://registry.npmjs.org/has-flag 91ms (cache miss)
270 http fetch GET 200 https://registry.npmjs.org/nopt 90ms (cache miss)
271 timing idealTree:node_modules/nodemon Completed in 124ms
272 silly placeDep ROOT anymatch@3.1.3 OK for: chokidar@3.5.3 want: ~3.1.2
273 silly placeDep ROOT braces@3.0.2 OK for: chokidar@3.5.3 want: ~3.0.2
274 silly placeDep ROOT fsevents@2.3.2 OK for: chokidar@3.5.3 want: ~2.3.2
275 silly placeDep ROOT glob-parent@5.1.2 OK for: chokidar@3.5.3 want: ~5.1.2
276 silly placeDep ROOT is-binary-path@2.1.0 OK for: chokidar@3.5.3 want: ~2.1.0
277 silly placeDep ROOT is-glob@4.0.3 OK for: chokidar@3.5.3 want: ~4.0.1
278 silly placeDep ROOT normalize-path@3.0.0 OK for: chokidar@3.5.3 want: ~3.0.0
279 silly placeDep ROOT readdirp@3.6.0 OK for: chokidar@3.5.3 want: ~3.6.0
280 silly fetch manifest picomatch@^2.0.4
281 silly fetch manifest fill-range@^7.0.1
282 silly fetch manifest binary-extensions@^2.0.0
283 silly fetch manifest is-extglob@^2.1.1
284 silly fetch manifest picomatch@^2.2.1
285 http fetch GET 200 https://registry.npmjs.org/picomatch 47ms (cache miss)
286 http fetch GET 200 https://registry.npmjs.org/binary-extensions 47ms (cache miss)
287 http fetch GET 200 https://registry.npmjs.org/fill-range 48ms (cache miss)
288 http fetch GET 200 https://registry.npmjs.org/is-extglob 46ms (cache miss)
289 timing idealTree:node_modules/chokidar Completed in 65ms
290 silly placeDep ROOT picomatch@2.3.1 OK for: anymatch@3.1.3 want: ^2.0.4
291 timing idealTree:node_modules/anymatch Completed in 2ms
292 silly placeDep ROOT fill-range@7.0.1 OK for: braces@3.0.2 want: ^7.0.1
293 silly fetch manifest to-regex-range@^5.0.1
294 http fetch GET 200 https://registry.npmjs.org/to-regex-range 38ms (cache miss)
295 timing idealTree:node_modules/braces Completed in 40ms
296 silly placeDep ROOT to-regex-range@5.0.1 OK for: fill-range@7.0.1 want: ^5.0.1
297 silly fetch manifest is-number@^7.0.0
298 http fetch GET 200 https://registry.npmjs.org/is-number 37ms (cache miss)
299 timing idealTree:node_modules/fill-range Completed in 49ms
300 timing idealTree:node_modules/fsevents Completed in 0ms
301 timing idealTree:node_modules/glob-parent Completed in 0ms
302 timing idealTree:node_modules/ignore-by-default Completed in 0ms
303 silly placeDep ROOT binary-extensions@2.2.0 OK for: is-binary-path@2.1.0 want: ^2.0.0
304 timing idealTree:node_modules/is-binary-path Completed in 1ms
305 timing idealTree:node_modules/binary-extensions Completed in 0ms
306 silly placeDep ROOT is-extglob@2.1.1 OK for: is-glob@4.0.3 want: ^2.1.1
307 timing idealTree:node_modules/is-glob Completed in 1ms
308 timing idealTree:node_modules/is-extglob Completed in 0ms
309 silly placeDep ROOT brace-expansion@1.1.11 OK for: minimatch@3.1.2 want: ^1.1.7
310 silly fetch manifest balanced-match@^1.0.0
311 silly fetch manifest concat-map@0.0.1
312 http fetch GET 200 https://registry.npmjs.org/balanced-match 40ms (cache miss)
313 http fetch GET 200 https://registry.npmjs.org/concat-map 40ms (cache miss)
314 timing idealTree:node_modules/minimatch Completed in 46ms
315 silly placeDep ROOT balanced-match@1.0.2 OK for: brace-expansion@1.1.11 want: ^1.0.0
316 silly placeDep ROOT concat-map@0.0.1 OK for: brace-expansion@1.1.11 want: 0.0.1
317 timing idealTree:node_modules/brace-expansion Completed in 9ms
318 timing idealTree:node_modules/balanced-match Completed in 0ms
319 timing idealTree:node_modules/concat-map Completed in 0ms
320 timing idealTree:node_modules/normalize-path Completed in 0ms
321 timing idealTree:node_modules/object-assign Completed in 0ms
322 silly placeDep ROOT ee-first@1.1.1 OK for: on-finished@2.4.1 want: 1.1.1
323 timing idealTree:node_modules/on-finished Completed in 2ms
324 timing idealTree:node_modules/ee-first Completed in 0ms
325 timing idealTree:node_modules/parseurl Completed in 0ms
326 timing idealTree:node_modules/path-to-regexp Completed in 0ms
327 timing idealTree:node_modules/picomatch Completed in 0ms
328 silly placeDep ROOT forwarded@0.2.0 OK for: proxy-addr@2.0.7 want: 0.2.0
329 silly placeDep ROOT ipaddr.js@1.9.1 OK for: proxy-addr@2.0.7 want: 1.9.1
330 timing idealTree:node_modules/proxy-addr Completed in 6ms
331 timing idealTree:node_modules/forwarded Completed in 0ms
332 timing idealTree:node_modules/ipaddr.js Completed in 0ms
333 timing idealTree:node_modules/pstree.remy Completed in 0ms
334 silly placeDep ROOT side-channel@1.0.4 OK for: qs@6.11.0 want: ^1.0.4
335 silly fetch manifest call-bind@^1.0.0
336 silly fetch manifest get-intrinsic@^1.0.2
337 silly fetch manifest object-inspect@^1.9.0
338 http fetch GET 200 https://registry.npmjs.org/get-intrinsic 32ms (cache miss)
339 http fetch GET 200 https://registry.npmjs.org/call-bind 34ms (cache miss)
340 http fetch GET 200 https://registry.npmjs.org/object-inspect 33ms (cache miss)
341 timing idealTree:node_modules/qs Completed in 38ms
342 timing idealTree:node_modules/range-parser Completed in 0ms
343 timing idealTree:node_modules/raw-body Completed in 0ms
344 timing idealTree:node_modules/readdirp Completed in 0ms
345 timing idealTree:node_modules/safe-buffer Completed in 0ms
346 timing idealTree:node_modules/safer-buffer Completed in 0ms
347 timing idealTree:node_modules/semver Completed in 0ms
348 silly placeDep ROOT mime@1.6.0 OK for: send@0.18.0 want: 1.6.0
349 silly placeDep node_modules/send ms@2.1.3 OK for: send@0.18.0 want: 2.1.3
350 timing idealTree:node_modules/send Completed in 10ms
351 timing idealTree:node_modules/mime Completed in 0ms
352 timing idealTree:node_modules/serve-static Completed in 0ms
353 timing idealTree:node_modules/setprototypeof Completed in 0ms
354 silly placeDep ROOT call-bind@1.0.2 OK for: side-channel@1.0.4 want: ^1.0.0
355 silly placeDep ROOT get-intrinsic@1.2.1 OK for: side-channel@1.0.4 want: ^1.0.2
356 silly placeDep ROOT object-inspect@1.12.3 OK for: side-channel@1.0.4 want: ^1.9.0
357 silly fetch manifest function-bind@^1.1.1
358 silly fetch manifest has@^1.0.3
359 silly fetch manifest has-proto@^1.0.1
360 silly fetch manifest has-symbols@^1.0.3
361 http fetch GET 200 https://registry.npmjs.org/has-proto 27ms (cache miss)
362 http fetch GET 200 https://registry.npmjs.org/function-bind 42ms (cache miss)
363 http fetch GET 200 https://registry.npmjs.org/has 43ms (cache miss)
364 http fetch GET 200 https://registry.npmjs.org/has-symbols 38ms (cache miss)
365 timing idealTree:node_modules/side-channel Completed in 69ms
366 silly placeDep ROOT function-bind@1.1.1 OK for: call-bind@1.0.2 want: ^1.1.1
367 timing idealTree:node_modules/call-bind Completed in 2ms
368 timing idealTree:node_modules/function-bind Completed in 0ms
369 silly placeDep ROOT has@1.0.3 OK for: get-intrinsic@1.2.1 want: ^1.0.3
370 silly placeDep ROOT has-proto@1.0.1 OK for: get-intrinsic@1.2.1 want: ^1.0.1
371 silly placeDep ROOT has-symbols@1.0.3 OK for: get-intrinsic@1.2.1 want: ^1.0.3
372 timing idealTree:node_modules/get-intrinsic Completed in 4ms
373 timing idealTree:node_modules/has Completed in 0ms
374 timing idealTree:node_modules/has-proto Completed in 0ms
375 timing idealTree:node_modules/has-symbols Completed in 0ms
376 timing idealTree:node_modules/object-inspect Completed in 0ms
377 silly placeDep node_modules/simple-update-notifier semver@7.0.0 OK for: simple-update-notifier@1.1.0 want: ~7.0.0
378 timing idealTree:node_modules/simple-update-notifier Completed in 2ms
379 timing idealTree:node_modules/statuses Completed in 0ms
380 silly placeDep ROOT has-flag@3.0.0 OK for: supports-color@5.5.0 want: ^3.0.0
381 timing idealTree:node_modules/supports-color Completed in 5ms
382 timing idealTree:node_modules/has-flag Completed in 0ms
383 silly placeDep ROOT is-number@7.0.0 OK for: to-regex-range@5.0.1 want: ^7.0.0
384 timing idealTree:node_modules/to-regex-range Completed in 3ms
385 timing idealTree:node_modules/is-number Completed in 0ms
386 timing idealTree:node_modules/toidentifier Completed in 0ms
387 silly placeDep ROOT nopt@1.0.10 OK for: touch@3.1.0 want: ~1.0.10
388 silly fetch manifest abbrev@1
389 http fetch GET 200 https://registry.npmjs.org/abbrev 26ms (cache miss)
390 timing idealTree:node_modules/touch Completed in 29ms
391 silly placeDep ROOT abbrev@1.1.1 OK for: nopt@1.0.10 want: 1
392 timing idealTree:node_modules/nopt Completed in 2ms
393 timing idealTree:node_modules/abbrev Completed in 0ms
394 silly placeDep ROOT media-typer@0.3.0 OK for: type-is@1.6.18 want: 0.3.0
395 timing idealTree:node_modules/type-is Completed in 5ms
396 timing idealTree:node_modules/media-typer Completed in 0ms
397 timing idealTree:node_modules/undefsafe Completed in 0ms
398 timing idealTree:node_modules/unpipe Completed in 0ms
399 timing idealTree:node_modules/utils-merge Completed in 0ms
400 timing idealTree:node_modules/vary Completed in 0ms
401 silly placeDep node_modules/nodemon ms@2.1.3 OK for: debug@3.2.7 want: ^2.1.1
402 timing idealTree:node_modules/nodemon/node_modules/debug Completed in 2ms
403 timing idealTree:node_modules/nodemon/node_modules/ms Completed in 0ms
404 timing idealTree:node_modules/send/node_modules/ms Completed in 0ms
405 timing idealTree:node_modules/simple-update-notifier/node_modules/semver Completed in 0ms
406 timing idealTree:buildDeps Completed in 1608ms
407 timing idealTree:fixDepFlags Completed in 2ms
408 timing idealTree Completed in 1636ms
409 timing reify:loadTrees Completed in 1637ms
410 timing reify:diffTrees Completed in 3ms
411 silly reify moves {}
412 timing reify:retireShallow Completed in 2ms
413 timing reify:createSparse Completed in 40ms
414 timing reify:loadBundles Completed in 0ms
415 silly audit bulk request {
415 silly audit   cors: [ '2.8.5' ],
415 silly audit   express: [ '4.18.2' ],
415 silly audit   nodemon: [ '2.0.22' ],
415 silly audit   'object-assign': [ '4.1.1' ],
415 silly audit   vary: [ '1.1.2' ],
415 silly audit   accepts: [ '1.3.8' ],
415 silly audit   'array-flatten': [ '1.1.1' ],
415 silly audit   'body-parser': [ '1.20.1' ],
415 silly audit   'content-disposition': [ '0.5.4' ],
415 silly audit   'content-type': [ '1.0.5' ],
415 silly audit   cookie: [ '0.5.0' ],
415 silly audit   'cookie-signature': [ '1.0.6' ],
415 silly audit   debug: [ '2.6.9', '3.2.7' ],
415 silly audit   depd: [ '2.0.0' ],
415 silly audit   encodeurl: [ '1.0.2' ],
415 silly audit   'escape-html': [ '1.0.3' ],
415 silly audit   etag: [ '1.8.1' ],
415 silly audit   finalhandler: [ '1.2.0' ],
415 silly audit   fresh: [ '0.5.2' ],
415 silly audit   'http-errors': [ '2.0.0' ],
415 silly audit   'merge-descriptors': [ '1.0.1' ],
415 silly audit   methods: [ '1.1.2' ],
415 silly audit   'on-finished': [ '2.4.1' ],
415 silly audit   parseurl: [ '1.3.3' ],
415 silly audit   'path-to-regexp': [ '0.1.7' ],
415 silly audit   'proxy-addr': [ '2.0.7' ],
415 silly audit   qs: [ '6.11.0' ],
415 silly audit   'range-parser': [ '1.2.1' ],
415 silly audit   'safe-buffer': [ '5.2.1' ],
415 silly audit   send: [ '0.18.0' ],
415 silly audit   'serve-static': [ '1.15.0' ],
415 silly audit   setprototypeof: [ '1.2.0' ],
415 silly audit   statuses: [ '2.0.1' ],
415 silly audit   'type-is': [ '1.6.18' ],
415 silly audit   'utils-merge': [ '1.0.1' ],
415 silly audit   'mime-types': [ '2.1.35' ],
415 silly audit   negotiator: [ '0.6.3' ],
415 silly audit   bytes: [ '3.1.2' ],
415 silly audit   destroy: [ '1.2.0' ],
415 silly audit   'iconv-lite': [ '0.4.24' ],
415 silly audit   'raw-body': [ '2.5.1' ],
415 silly audit   unpipe: [ '1.0.0' ],
415 silly audit   ms: [ '2.0.0', '2.1.3' ],
415 silly audit   inherits: [ '2.0.4' ],
415 silly audit   toidentifier: [ '1.0.1' ],
415 silly audit   'safer-buffer': [ '2.1.2' ],
415 silly audit   'mime-db': [ '1.52.0' ],
415 silly audit   chokidar: [ '3.5.3' ],
415 silly audit   'ignore-by-default': [ '1.0.1' ],
415 silly audit   minimatch: [ '3.1.2' ],
415 silly audit   'pstree.remy': [ '1.1.8' ],
415 silly audit   semver: [ '5.7.1', '7.0.0' ],
415 silly audit   'simple-update-notifier': [ '1.1.0' ],
415 silly audit   'supports-color': [ '5.5.0' ],
415 silly audit   touch: [ '3.1.0' ],
415 silly audit   undefsafe: [ '2.0.5' ],
415 silly audit   anymatch: [ '3.1.3' ],
415 silly audit   braces: [ '3.0.2' ],
415 silly audit   fsevents: [ '2.3.2' ],
415 silly audit   'glob-parent': [ '5.1.2' ],
415 silly audit   'is-binary-path': [ '2.1.0' ],
415 silly audit   'is-glob': [ '4.0.3' ],
415 silly audit   'normalize-path': [ '3.0.0' ],
415 silly audit   readdirp: [ '3.6.0' ],
415 silly audit   picomatch: [ '2.3.1' ],
415 silly audit   'fill-range': [ '7.0.1' ],
415 silly audit   'to-regex-range': [ '5.0.1' ],
415 silly audit   'binary-extensions': [ '2.2.0' ],
415 silly audit   'is-extglob': [ '2.1.1' ],
415 silly audit   'brace-expansion': [ '1.1.11' ],
415 silly audit   'balanced-match': [ '1.0.2' ],
415 silly audit   'concat-map': [ '0.0.1' ],
415 silly audit   'ee-first': [ '1.1.1' ],
415 silly audit   forwarded: [ '0.2.0' ],
415 silly audit   'ipaddr.js': [ '1.9.1' ],
415 silly audit   'side-channel': [ '1.0.4' ],
415 silly audit   mime: [ '1.6.0' ],
415 silly audit   'call-bind': [ '1.0.2' ],
415 silly audit   'get-intrinsic': [ '1.2.1' ],
415 silly audit   'object-inspect': [ '1.12.3' ],
415 silly audit   'function-bind': [ '1.1.1' ],
415 silly audit   has: [ '1.0.3' ],
415 silly audit   'has-proto': [ '1.0.1' ],
415 silly audit   'has-symbols': [ '1.0.3' ],
415 silly audit   'has-flag': [ '3.0.0' ],
415 silly audit   'is-number': [ '7.0.0' ],
415 silly audit   nopt: [ '1.0.10' ],
415 silly audit   abbrev: [ '1.1.1' ],
415 silly audit   'media-typer': [ '0.3.0' ]
415 silly audit }
416 verbose reify failed optional dependency /root/final/node_modules/fsevents
417 silly reify mark deleted [ '/root/final/node_modules/fsevents' ]
418 timing reifyNode:node_modules/fsevents Completed in 49ms
419 silly tarball no local data for media-typer@https://registry.npmjs.org/media-typer/-/media-typer-0.3.0.tgz. Extracting by manifest.
420 silly tarball no local data for abbrev@https://registry.npmjs.org/abbrev/-/abbrev-1.1.1.tgz. Extracting by manifest.
421 silly tarball no local data for nopt@https://registry.npmjs.org/nopt/-/nopt-1.0.10.tgz. Extracting by manifest.
422 silly tarball no local data for is-number@https://registry.npmjs.org/is-number/-/is-number-7.0.0.tgz. Extracting by manifest.
423 silly tarball no local data for has-flag@https://registry.npmjs.org/has-flag/-/has-flag-3.0.0.tgz. Extracting by manifest.
424 silly tarball no local data for has-symbols@https://registry.npmjs.org/has-symbols/-/has-symbols-1.0.3.tgz. Extracting by manifest.
425 silly tarball no local data for has-proto@https://registry.npmjs.org/has-proto/-/has-proto-1.0.1.tgz. Extracting by manifest.
426 silly tarball no local data for has@https://registry.npmjs.org/has/-/has-1.0.3.tgz. Extracting by manifest.
427 silly tarball no local data for function-bind@https://registry.npmjs.org/function-bind/-/function-bind-1.1.1.tgz. Extracting by manifest.
428 silly tarball no local data for object-inspect@https://registry.npmjs.org/object-inspect/-/object-inspect-1.12.3.tgz. Extracting by manifest.
429 silly tarball no local data for get-intrinsic@https://registry.npmjs.org/get-intrinsic/-/get-intrinsic-1.2.1.tgz. Extracting by manifest.
430 silly tarball no local data for call-bind@https://registry.npmjs.org/call-bind/-/call-bind-1.0.2.tgz. Extracting by manifest.
431 silly tarball no local data for mime@https://registry.npmjs.org/mime/-/mime-1.6.0.tgz. Extracting by manifest.
432 silly tarball no local data for side-channel@https://registry.npmjs.org/side-channel/-/side-channel-1.0.4.tgz. Extracting by manifest.
433 silly tarball no local data for ipaddr.js@https://registry.npmjs.org/ipaddr.js/-/ipaddr.js-1.9.1.tgz. Extracting by manifest.
434 silly tarball no local data for forwarded@https://registry.npmjs.org/forwarded/-/forwarded-0.2.0.tgz. Extracting by manifest.
435 silly tarball no local data for ee-first@https://registry.npmjs.org/ee-first/-/ee-first-1.1.1.tgz. Extracting by manifest.
436 silly tarball no local data for concat-map@https://registry.npmjs.org/concat-map/-/concat-map-0.0.1.tgz. Extracting by manifest.
437 silly tarball no local data for balanced-match@https://registry.npmjs.org/balanced-match/-/balanced-match-1.0.2.tgz. Extracting by manifest.
438 silly tarball no local data for brace-expansion@https://registry.npmjs.org/brace-expansion/-/brace-expansion-1.1.11.tgz. Extracting by manifest.
439 silly tarball no local data for is-extglob@https://registry.npmjs.org/is-extglob/-/is-extglob-2.1.1.tgz. Extracting by manifest.
440 silly tarball no local data for binary-extensions@https://registry.npmjs.org/binary-extensions/-/binary-extensions-2.2.0.tgz. Extracting by manifest.
441 silly tarball no local data for to-regex-range@https://registry.npmjs.org/to-regex-range/-/to-regex-range-5.0.1.tgz. Extracting by manifest.
442 silly tarball no local data for fill-range@https://registry.npmjs.org/fill-range/-/fill-range-7.0.1.tgz. Extracting by manifest.
443 silly tarball no local data for picomatch@https://registry.npmjs.org/picomatch/-/picomatch-2.3.1.tgz. Extracting by manifest.
444 silly tarball no local data for readdirp@https://registry.npmjs.org/readdirp/-/readdirp-3.6.0.tgz. Extracting by manifest.
445 silly tarball no local data for normalize-path@https://registry.npmjs.org/normalize-path/-/normalize-path-3.0.0.tgz. Extracting by manifest.
446 silly tarball no local data for is-glob@https://registry.npmjs.org/is-glob/-/is-glob-4.0.3.tgz. Extracting by manifest.
447 silly tarball no local data for is-binary-path@https://registry.npmjs.org/is-binary-path/-/is-binary-path-2.1.0.tgz. Extracting by manifest.
448 silly tarball no local data for glob-parent@https://registry.npmjs.org/glob-parent/-/glob-parent-5.1.2.tgz. Extracting by manifest.
449 silly tarball no local data for braces@https://registry.npmjs.org/braces/-/braces-3.0.2.tgz. Extracting by manifest.
450 silly tarball no local data for anymatch@https://registry.npmjs.org/anymatch/-/anymatch-3.1.3.tgz. Extracting by manifest.
451 silly tarball no local data for undefsafe@https://registry.npmjs.org/undefsafe/-/undefsafe-2.0.5.tgz. Extracting by manifest.
452 silly tarball no local data for touch@https://registry.npmjs.org/touch/-/touch-3.1.0.tgz. Extracting by manifest.
453 silly tarball no local data for supports-color@https://registry.npmjs.org/supports-color/-/supports-color-5.5.0.tgz. Extracting by manifest.
454 silly tarball no local data for simple-update-notifier@https://registry.npmjs.org/simple-update-notifier/-/simple-update-notifier-1.1.0.tgz. Extracting by manifest.
455 silly tarball no local data for semver@https://registry.npmjs.org/semver/-/semver-5.7.1.tgz. Extracting by manifest.
456 silly tarball no local data for pstree.remy@https://registry.npmjs.org/pstree.remy/-/pstree.remy-1.1.8.tgz. Extracting by manifest.
457 silly tarball no local data for minimatch@https://registry.npmjs.org/minimatch/-/minimatch-3.1.2.tgz. Extracting by manifest.
458 silly tarball no local data for ignore-by-default@https://registry.npmjs.org/ignore-by-default/-/ignore-by-default-1.0.1.tgz. Extracting by manifest.
459 silly tarball no local data for chokidar@https://registry.npmjs.org/chokidar/-/chokidar-3.5.3.tgz. Extracting by manifest.
460 silly tarball no local data for mime-db@https://registry.npmjs.org/mime-db/-/mime-db-1.52.0.tgz. Extracting by manifest.
461 silly tarball no local data for safer-buffer@https://registry.npmjs.org/safer-buffer/-/safer-buffer-2.1.2.tgz. Extracting by manifest.
462 silly tarball no local data for toidentifier@https://registry.npmjs.org/toidentifier/-/toidentifier-1.0.1.tgz. Extracting by manifest.
463 silly tarball no local data for inherits@https://registry.npmjs.org/inherits/-/inherits-2.0.4.tgz. Extracting by manifest.
464 silly tarball no local data for ms@https://registry.npmjs.org/ms/-/ms-2.0.0.tgz. Extracting by manifest.
465 silly tarball no local data for unpipe@https://registry.npmjs.org/unpipe/-/unpipe-1.0.0.tgz. Extracting by manifest.
466 silly tarball no local data for raw-body@https://registry.npmjs.org/raw-body/-/raw-body-2.5.1.tgz. Extracting by manifest.
467 silly tarball no local data for iconv-lite@https://registry.npmjs.org/iconv-lite/-/iconv-lite-0.4.24.tgz. Extracting by manifest.
468 silly tarball no local data for destroy@https://registry.npmjs.org/destroy/-/destroy-1.2.0.tgz. Extracting by manifest.
469 silly tarball no local data for bytes@https://registry.npmjs.org/bytes/-/bytes-3.1.2.tgz. Extracting by manifest.
470 silly tarball no local data for negotiator@https://registry.npmjs.org/negotiator/-/negotiator-0.6.3.tgz. Extracting by manifest.
471 silly tarball no local data for mime-types@https://registry.npmjs.org/mime-types/-/mime-types-2.1.35.tgz. Extracting by manifest.
472 silly tarball no local data for utils-merge@https://registry.npmjs.org/utils-merge/-/utils-merge-1.0.1.tgz. Extracting by manifest.
473 silly tarball no local data for type-is@https://registry.npmjs.org/type-is/-/type-is-1.6.18.tgz. Extracting by manifest.
474 silly tarball no local data for statuses@https://registry.npmjs.org/statuses/-/statuses-2.0.1.tgz. Extracting by manifest.
475 silly tarball no local data for setprototypeof@https://registry.npmjs.org/setprototypeof/-/setprototypeof-1.2.0.tgz. Extracting by manifest.
476 silly tarball no local data for serve-static@https://registry.npmjs.org/serve-static/-/serve-static-1.15.0.tgz. Extracting by manifest.
477 silly tarball no local data for send@https://registry.npmjs.org/send/-/send-0.18.0.tgz. Extracting by manifest.
478 silly tarball no local data for safe-buffer@https://registry.npmjs.org/safe-buffer/-/safe-buffer-5.2.1.tgz. Extracting by manifest.
479 silly tarball no local data for range-parser@https://registry.npmjs.org/range-parser/-/range-parser-1.2.1.tgz. Extracting by manifest.
480 silly tarball no local data for qs@https://registry.npmjs.org/qs/-/qs-6.11.0.tgz. Extracting by manifest.
481 silly tarball no local data for proxy-addr@https://registry.npmjs.org/proxy-addr/-/proxy-addr-2.0.7.tgz. Extracting by manifest.
482 silly tarball no local data for path-to-regexp@https://registry.npmjs.org/path-to-regexp/-/path-to-regexp-0.1.7.tgz. Extracting by manifest.
483 silly tarball no local data for parseurl@https://registry.npmjs.org/parseurl/-/parseurl-1.3.3.tgz. Extracting by manifest.
484 silly tarball no local data for on-finished@https://registry.npmjs.org/on-finished/-/on-finished-2.4.1.tgz. Extracting by manifest.
485 silly tarball no local data for methods@https://registry.npmjs.org/methods/-/methods-1.1.2.tgz. Extracting by manifest.
486 silly tarball no local data for merge-descriptors@https://registry.npmjs.org/merge-descriptors/-/merge-descriptors-1.0.1.tgz. Extracting by manifest.
487 silly tarball no local data for http-errors@https://registry.npmjs.org/http-errors/-/http-errors-2.0.0.tgz. Extracting by manifest.
488 silly tarball no local data for fresh@https://registry.npmjs.org/fresh/-/fresh-0.5.2.tgz. Extracting by manifest.
489 silly tarball no local data for finalhandler@https://registry.npmjs.org/finalhandler/-/finalhandler-1.2.0.tgz. Extracting by manifest.
490 silly tarball no local data for etag@https://registry.npmjs.org/etag/-/etag-1.8.1.tgz. Extracting by manifest.
491 silly tarball no local data for escape-html@https://registry.npmjs.org/escape-html/-/escape-html-1.0.3.tgz. Extracting by manifest.
492 silly tarball no local data for encodeurl@https://registry.npmjs.org/encodeurl/-/encodeurl-1.0.2.tgz. Extracting by manifest.
493 silly tarball no local data for depd@https://registry.npmjs.org/depd/-/depd-2.0.0.tgz. Extracting by manifest.
494 silly tarball no local data for debug@https://registry.npmjs.org/debug/-/debug-2.6.9.tgz. Extracting by manifest.
495 silly tarball no local data for cookie-signature@https://registry.npmjs.org/cookie-signature/-/cookie-signature-1.0.6.tgz. Extracting by manifest.
496 silly tarball no local data for cookie@https://registry.npmjs.org/cookie/-/cookie-0.5.0.tgz. Extracting by manifest.
497 silly tarball no local data for content-type@https://registry.npmjs.org/content-type/-/content-type-1.0.5.tgz. Extracting by manifest.
498 silly tarball no local data for content-disposition@https://registry.npmjs.org/content-disposition/-/content-disposition-0.5.4.tgz. Extracting by manifest.
499 silly tarball no local data for body-parser@https://registry.npmjs.org/body-parser/-/body-parser-1.20.1.tgz. Extracting by manifest.
500 silly tarball no local data for array-flatten@https://registry.npmjs.org/array-flatten/-/array-flatten-1.1.1.tgz. Extracting by manifest.
501 silly tarball no local data for accepts@https://registry.npmjs.org/accepts/-/accepts-1.3.8.tgz. Extracting by manifest.
502 silly tarball no local data for vary@https://registry.npmjs.org/vary/-/vary-1.1.2.tgz. Extracting by manifest.
503 silly tarball no local data for object-assign@https://registry.npmjs.org/object-assign/-/object-assign-4.1.1.tgz. Extracting by manifest.
504 silly tarball no local data for nodemon@https://registry.npmjs.org/nodemon/-/nodemon-2.0.22.tgz. Extracting by manifest.
505 silly tarball no local data for express@https://registry.npmjs.org/express/-/express-4.18.2.tgz. Extracting by manifest.
506 silly tarball no local data for cors@https://registry.npmjs.org/cors/-/cors-2.8.5.tgz. Extracting by manifest.
507 silly tarball no local data for semver@https://registry.npmjs.org/semver/-/semver-7.0.0.tgz. Extracting by manifest.
508 silly tarball no local data for ms@https://registry.npmjs.org/ms/-/ms-2.1.3.tgz. Extracting by manifest.
509 silly tarball no local data for ms@https://registry.npmjs.org/ms/-/ms-2.1.3.tgz. Extracting by manifest.
510 silly tarball no local data for debug@https://registry.npmjs.org/debug/-/debug-3.2.7.tgz. Extracting by manifest.
511 http fetch POST 200 https://registry.npmjs.org/-/npm/v1/security/advisories/bulk 1491ms
512 timing auditReport:getReport Completed in 1498ms
513 silly audit report {}
514 timing auditReport:init Completed in 0ms
515 timing reify:audit Completed in 1502ms
516 http fetch GET 200 https://registry.npmjs.org/concat-map/-/concat-map-0.0.1.tgz 1568ms (cache miss)
517 timing reifyNode:node_modules/concat-map Completed in 1858ms
518 http fetch GET 200 https://registry.npmjs.org/normalize-path/-/normalize-path-3.0.0.tgz 1501ms (cache miss)
519 timing reifyNode:node_modules/normalize-path Completed in 1876ms
520 http fetch GET 200 https://registry.npmjs.org/abbrev/-/abbrev-1.1.1.tgz 1788ms (cache miss)
521 timing reifyNode:node_modules/abbrev Completed in 1896ms
522 http fetch GET 200 https://registry.npmjs.org/binary-extensions/-/binary-extensions-2.2.0.tgz 1638ms (cache miss)
523 timing reifyNode:node_modules/binary-extensions Completed in 1953ms
524 http fetch GET 200 https://registry.npmjs.org/to-regex-range/-/to-regex-range-5.0.1.tgz 1650ms (cache miss)
525 timing reifyNode:node_modules/to-regex-range Completed in 1969ms
526 http fetch GET 200 https://registry.npmjs.org/forwarded/-/forwarded-0.2.0.tgz 1749ms (cache miss)
527 timing reifyNode:node_modules/forwarded Completed in 1987ms
528 http fetch GET 200 https://registry.npmjs.org/anymatch/-/anymatch-3.1.3.tgz 1576ms (cache miss)
529 timing reifyNode:node_modules/anymatch Completed in 1991ms
530 http fetch GET 200 https://registry.npmjs.org/mime-types/-/mime-types-2.1.35.tgz 1382ms (cache miss)
531 timing reifyNode:node_modules/mime-types Completed in 1999ms
532 http fetch GET 200 https://registry.npmjs.org/type-is/-/type-is-1.6.18.tgz 1376ms (cache miss)
533 timing reifyNode:node_modules/type-is Completed in 2005ms
534 http fetch GET 200 https://registry.npmjs.org/is-number/-/is-number-7.0.0.tgz 1901ms (cache miss)
535 timing reifyNode:node_modules/is-number Completed in 2022ms
536 http fetch GET 200 https://registry.npmjs.org/has-proto/-/has-proto-1.0.1.tgz 1868ms (cache miss)
537 timing reifyNode:node_modules/has-proto Completed in 2027ms
538 http fetch GET 200 https://registry.npmjs.org/has/-/has-1.0.3.tgz 1846ms (cache miss)
539 timing reifyNode:node_modules/has Completed in 2033ms
540 http fetch GET 200 https://registry.npmjs.org/is-binary-path/-/is-binary-path-2.1.0.tgz 1638ms (cache miss)
541 timing reifyNode:node_modules/is-binary-path Completed in 2035ms
542 http fetch GET 200 https://registry.npmjs.org/ignore-by-default/-/ignore-by-default-1.0.1.tgz 1574ms (cache miss)
543 timing reifyNode:node_modules/ignore-by-default Completed in 2078ms
544 http fetch GET 200 https://registry.npmjs.org/safer-buffer/-/safer-buffer-2.1.2.tgz 1584ms (cache miss)
545 timing reifyNode:node_modules/safer-buffer Completed in 2104ms
546 http fetch GET 200 https://registry.npmjs.org/toidentifier/-/toidentifier-1.0.1.tgz 1584ms (cache miss)
547 timing reifyNode:node_modules/toidentifier Completed in 2109ms
548 http fetch GET 200 https://registry.npmjs.org/ms/-/ms-2.0.0.tgz 1562ms (cache miss)
549 timing reifyNode:node_modules/ms Completed in 2119ms
550 http fetch GET 200 https://registry.npmjs.org/ee-first/-/ee-first-1.1.1.tgz 1870ms (cache miss)
551 timing reifyNode:node_modules/ee-first Completed in 2144ms
552 http fetch GET 200 https://registry.npmjs.org/is-extglob/-/is-extglob-2.1.1.tgz 1842ms (cache miss)
553 timing reifyNode:node_modules/is-extglob Completed in 2150ms
554 http fetch GET 200 https://registry.npmjs.org/destroy/-/destroy-1.2.0.tgz 1557ms (cache miss)
555 timing reifyNode:node_modules/destroy Completed in 2156ms
556 http fetch GET 200 https://registry.npmjs.org/unpipe/-/unpipe-1.0.0.tgz 1580ms (cache miss)
557 timing reifyNode:node_modules/unpipe Completed in 2162ms
558 http fetch GET 200 https://registry.npmjs.org/body-parser/-/body-parser-1.20.1.tgz 1250ms (cache miss)
559 http fetch GET 200 https://registry.npmjs.org/cookie/-/cookie-0.5.0.tgz 1272ms (cache miss)
560 timing reifyNode:node_modules/cookie Completed in 2172ms
561 http fetch GET 200 https://registry.npmjs.org/has-flag/-/has-flag-3.0.0.tgz 2110ms (cache miss)
562 timing reifyNode:node_modules/has-flag Completed in 2238ms
563 http fetch GET 200 https://registry.npmjs.org/undefsafe/-/undefsafe-2.0.5.tgz 1816ms (cache miss)
564 timing reifyNode:node_modules/undefsafe Completed in 2238ms
565 http fetch GET 200 https://registry.npmjs.org/supports-color/-/supports-color-5.5.0.tgz 1808ms (cache miss)
566 timing reifyNode:node_modules/supports-color Completed in 2244ms
567 http fetch GET 200 https://registry.npmjs.org/proxy-addr/-/proxy-addr-2.0.7.tgz 1530ms (cache miss)
568 timing reifyNode:node_modules/proxy-addr Completed in 2250ms
569 http fetch GET 200 https://registry.npmjs.org/setprototypeof/-/setprototypeof-1.2.0.tgz 1572ms (cache miss)
570 timing reifyNode:node_modules/setprototypeof Completed in 2256ms
571 http fetch GET 200 https://registry.npmjs.org/range-parser/-/range-parser-1.2.1.tgz 1554ms (cache miss)
572 timing reifyNode:node_modules/range-parser Completed in 2261ms
573 http fetch GET 200 https://registry.npmjs.org/inherits/-/inherits-2.0.4.tgz 1742ms (cache miss)
574 timing reifyNode:node_modules/inherits Completed in 2273ms
575 http fetch GET 200 https://registry.npmjs.org/pstree.remy/-/pstree.remy-1.1.8.tgz 1790ms (cache miss)
576 timing reifyNode:node_modules/pstree.remy Completed in 2280ms
577 http fetch GET 200 https://registry.npmjs.org/utils-merge/-/utils-merge-1.0.1.tgz 1724ms (cache miss)
578 timing reifyNode:node_modules/utils-merge Completed in 2346ms
579 http fetch GET 200 https://registry.npmjs.org/accepts/-/accepts-1.3.8.tgz 1423ms (cache miss)
580 timing reifyNode:node_modules/accepts Completed in 2352ms
581 http fetch GET 200 https://registry.npmjs.org/cookie-signature/-/cookie-signature-1.0.6.tgz 1465ms (cache miss)
582 timing reifyNode:node_modules/cookie-signature Completed in 2358ms
583 http fetch GET 200 https://registry.npmjs.org/content-type/-/content-type-1.0.5.tgz 1457ms (cache miss)
584 timing reifyNode:node_modules/content-type Completed in 2362ms
585 http fetch GET 200 https://registry.npmjs.org/balanced-match/-/balanced-match-1.0.2.tgz 2081ms (cache miss)
586 timing reifyNode:node_modules/balanced-match Completed in 2378ms
587 http fetch GET 200 https://registry.npmjs.org/brace-expansion/-/brace-expansion-1.1.11.tgz 2081ms (cache miss)
588 timing reifyNode:node_modules/brace-expansion Completed in 2383ms
589 http fetch GET 200 https://registry.npmjs.org/fill-range/-/fill-range-7.0.1.tgz 2063ms (cache miss)
590 timing reifyNode:node_modules/fill-range Completed in 2387ms
591 http fetch GET 200 https://registry.npmjs.org/readdirp/-/readdirp-3.6.0.tgz 2055ms (cache miss)
592 timing reifyNode:node_modules/readdirp Completed in 2392ms
593 http fetch GET 200 https://registry.npmjs.org/minimatch/-/minimatch-3.1.2.tgz 1898ms (cache miss)
594 timing reifyNode:node_modules/minimatch Completed in 2395ms
595 http fetch GET 200 https://registry.npmjs.org/raw-body/-/raw-body-2.5.1.tgz 1812ms (cache miss)
596 timing reifyNode:node_modules/raw-body Completed in 2400ms
597 http fetch GET 200 https://registry.npmjs.org/path-to-regexp/-/path-to-regexp-0.1.7.tgz 1707ms (cache miss)
598 timing reifyNode:node_modules/path-to-regexp Completed in 2439ms
599 http fetch GET 200 https://registry.npmjs.org/parseurl/-/parseurl-1.3.3.tgz 1702ms (cache miss)
600 timing reifyNode:node_modules/parseurl Completed in 2455ms
601 http fetch GET 200 https://registry.npmjs.org/object-assign/-/object-assign-4.1.1.tgz 1480ms (cache miss)
602 timing reifyNode:node_modules/object-assign Completed in 2460ms
603 http fetch GET 200 https://registry.npmjs.org/media-typer/-/media-typer-0.3.0.tgz 2376ms (cache miss)
604 timing reifyNode:node_modules/media-typer Completed in 2477ms
605 http fetch GET 200 https://registry.npmjs.org/touch/-/touch-3.1.0.tgz 2050ms (cache miss)
606 timing reifyNode:node_modules/touch Completed in 2478ms
607 http fetch GET 200 https://registry.npmjs.org/etag/-/etag-1.8.1.tgz 1668ms (cache miss)
608 timing reifyNode:node_modules/etag Completed in 2483ms
609 http fetch GET 200 https://registry.npmjs.org/escape-html/-/escape-html-1.0.3.tgz 1667ms (cache miss)
610 timing reifyNode:node_modules/escape-html Completed in 2488ms
611 http fetch GET 200 https://registry.npmjs.org/encodeurl/-/encodeurl-1.0.2.tgz 1666ms (cache miss)
612 timing reifyNode:node_modules/encodeurl Completed in 2493ms
613 http fetch GET 200 https://registry.npmjs.org/methods/-/methods-1.1.2.tgz 1711ms (cache miss)
614 timing reifyNode:node_modules/methods Completed in 2496ms
615 http fetch GET 200 https://registry.npmjs.org/merge-descriptors/-/merge-descriptors-1.0.1.tgz 1710ms (cache miss)
616 timing reifyNode:node_modules/merge-descriptors Completed in 2501ms
617 http fetch GET 200 https://registry.npmjs.org/is-glob/-/is-glob-4.0.3.tgz 2173ms (cache miss)
618 timing reifyNode:node_modules/is-glob Completed in 2564ms
619 http fetch GET 200 https://registry.npmjs.org/fresh/-/fresh-0.5.2.tgz 1770ms (cache miss)
620 timing reifyNode:node_modules/fresh Completed in 2572ms
621 http fetch GET 200 https://registry.npmjs.org/http-errors/-/http-errors-2.0.0.tgz 1786ms (cache miss)
622 timing reifyNode:node_modules/http-errors Completed in 2583ms
623 http fetch GET 200 https://registry.npmjs.org/array-flatten/-/array-flatten-1.1.1.tgz 1665ms (cache miss)
624 timing reifyNode:node_modules/array-flatten Completed in 2586ms
625 http fetch GET 200 https://registry.npmjs.org/ms/-/ms-2.1.3.tgz 1567ms (cache miss)
626 timing reifyNode:node_modules/nodemon/node_modules/ms Completed in 2592ms
627 http fetch GET 200 https://registry.npmjs.org/get-intrinsic/-/get-intrinsic-1.2.1.tgz 2403ms (cache miss)
628 timing reifyNode:node_modules/get-intrinsic Completed in 2608ms
629 http fetch GET 200 https://registry.npmjs.org/statuses/-/statuses-2.0.1.tgz 1939ms (cache miss)
630 timing reifyNode:node_modules/statuses Completed in 2615ms
631 http fetch GET 200 https://registry.npmjs.org/on-finished/-/on-finished-2.4.1.tgz 1842ms (cache miss)
632 timing reifyNode:node_modules/on-finished Completed in 2620ms
633 http fetch GET 200 https://registry.npmjs.org/vary/-/vary-1.1.2.tgz 1691ms (cache miss)
634 timing reifyNode:node_modules/vary Completed in 2625ms
635 http fetch GET 200 https://registry.npmjs.org/ms/-/ms-2.1.3.tgz 1629ms (cache miss)
636 timing reifyNode:node_modules/send/node_modules/ms Completed in 2650ms
637 http fetch GET 200 https://registry.npmjs.org/side-channel/-/side-channel-1.0.4.tgz 2460ms (cache miss)
638 timing reifyNode:node_modules/side-channel Completed in 2683ms
639 http fetch GET 200 https://registry.npmjs.org/bytes/-/bytes-3.1.2.tgz 2081ms (cache miss)
640 timing reifyNode:node_modules/bytes Completed in 2687ms
641 http fetch GET 200 https://registry.npmjs.org/safe-buffer/-/safe-buffer-5.2.1.tgz 1990ms (cache miss)
642 timing reifyNode:node_modules/safe-buffer Completed in 2691ms
643 timing reifyNode:node_modules/body-parser Completed in 2690ms
644 http fetch GET 200 https://registry.npmjs.org/glob-parent/-/glob-parent-5.1.2.tgz 2300ms (cache miss)
645 timing reifyNode:node_modules/glob-parent Completed in 2704ms
646 http fetch GET 200 https://registry.npmjs.org/send/-/send-0.18.0.tgz 2013ms (cache miss)
647 timing reifyNode:node_modules/send Completed in 2708ms
648 http fetch GET 200 https://registry.npmjs.org/function-bind/-/function-bind-1.1.1.tgz 2526ms (cache miss)
649 timing reifyNode:node_modules/function-bind Completed in 2720ms
650 http fetch GET 200 https://registry.npmjs.org/call-bind/-/call-bind-1.0.2.tgz 2514ms (cache miss)
651 timing reifyNode:node_modules/call-bind Completed in 2725ms
652 http fetch GET 200 https://registry.npmjs.org/nopt/-/nopt-1.0.10.tgz 2621ms (cache miss)
653 timing reifyNode:node_modules/nopt Completed in 2735ms
654 http fetch GET 200 https://registry.npmjs.org/finalhandler/-/finalhandler-1.2.0.tgz 1924ms (cache miss)
655 timing reifyNode:node_modules/finalhandler Completed in 2733ms
656 http fetch GET 200 https://registry.npmjs.org/content-disposition/-/content-disposition-0.5.4.tgz 1843ms (cache miss)
657 timing reifyNode:node_modules/content-disposition Completed in 2754ms
658 http fetch GET 200 https://registry.npmjs.org/depd/-/depd-2.0.0.tgz 1924ms (cache miss)
659 timing reifyNode:node_modules/depd Completed in 2786ms
660 http fetch GET 200 https://registry.npmjs.org/semver/-/semver-5.7.1.tgz 2312ms (cache miss)
661 timing reifyNode:node_modules/semver Completed in 2798ms
662 http fetch GET 200 https://registry.npmjs.org/negotiator/-/negotiator-0.6.3.tgz 2194ms (cache miss)
663 timing reifyNode:node_modules/negotiator Completed in 2805ms
664 http fetch GET 200 https://registry.npmjs.org/serve-static/-/serve-static-1.15.0.tgz 2120ms (cache miss)
665 timing reifyNode:node_modules/serve-static Completed in 2810ms
666 http fetch GET 200 https://registry.npmjs.org/mime/-/mime-1.6.0.tgz 2606ms (cache miss)
667 timing reifyNode:node_modules/mime Completed in 2824ms
668 http fetch GET 200 https://registry.npmjs.org/ipaddr.js/-/ipaddr.js-1.9.1.tgz 2597ms (cache miss)
669 timing reifyNode:node_modules/ipaddr.js Completed in 2827ms
670 http fetch GET 200 https://registry.npmjs.org/braces/-/braces-3.0.2.tgz 2420ms (cache miss)
671 timing reifyNode:node_modules/braces Completed in 2830ms
672 http fetch GET 200 https://registry.npmjs.org/cors/-/cors-2.8.5.tgz 1835ms (cache miss)
673 timing reifyNode:node_modules/cors Completed in 2833ms
674 http fetch GET 200 https://registry.npmjs.org/has-symbols/-/has-symbols-1.0.3.tgz 2753ms (cache miss)
675 timing reifyNode:node_modules/has-symbols Completed in 2887ms
676 http fetch GET 200 https://registry.npmjs.org/chokidar/-/chokidar-3.5.3.tgz 2386ms (cache miss)
677 timing reifyNode:node_modules/chokidar Completed in 2895ms
678 http fetch GET 200 https://registry.npmjs.org/picomatch/-/picomatch-2.3.1.tgz 2572ms (cache miss)
679 timing reifyNode:node_modules/picomatch Completed in 2903ms
680 http fetch GET 200 https://registry.npmjs.org/mime-db/-/mime-db-1.52.0.tgz 2391ms (cache miss)
681 timing reifyNode:node_modules/mime-db Completed in 2905ms
682 http fetch GET 200 https://registry.npmjs.org/debug/-/debug-3.2.7.tgz 1876ms (cache miss)
683 timing reifyNode:node_modules/nodemon/node_modules/debug Completed in 2908ms
684 http fetch GET 200 https://registry.npmjs.org/simple-update-notifier/-/simple-update-notifier-1.1.0.tgz 2483ms (cache miss)
685 timing reifyNode:node_modules/simple-update-notifier Completed in 2922ms
686 http fetch GET 200 https://registry.npmjs.org/debug/-/debug-2.6.9.tgz 2047ms (cache miss)
687 timing reifyNode:node_modules/debug Completed in 2931ms
688 http fetch GET 200 https://registry.npmjs.org/express/-/express-4.18.2.tgz 2003ms (cache miss)
689 timing reifyNode:node_modules/express Completed in 2994ms
690 http fetch GET 200 https://registry.npmjs.org/object-inspect/-/object-inspect-1.12.3.tgz 2808ms (cache miss)
691 timing reifyNode:node_modules/object-inspect Completed in 3008ms
692 http fetch GET 200 https://registry.npmjs.org/qs/-/qs-6.11.0.tgz 2299ms (cache miss)
693 timing reifyNode:node_modules/qs Completed in 3013ms
694 http fetch GET 200 https://registry.npmjs.org/semver/-/semver-7.0.0.tgz 2026ms (cache miss)
695 timing reifyNode:node_modules/simple-update-notifier/node_modules/semver Completed in 3042ms
696 http fetch GET 200 https://registry.npmjs.org/iconv-lite/-/iconv-lite-0.4.24.tgz 2455ms (cache miss)
697 timing reifyNode:node_modules/iconv-lite Completed in 3049ms
698 http fetch GET 200 https://registry.npmjs.org/nodemon/-/nodemon-2.0.22.tgz 2067ms (cache miss)
699 timing reifyNode:node_modules/nodemon Completed in 3052ms
700 timing reify:unpack Completed in 3062ms
701 timing reify:unretire Completed in 0ms
702 timing build:queue Completed in 6ms
703 timing build:link:node_modules/mime Completed in 7ms
704 timing build:link:node_modules/simple-update-notifier/node_modules/semver Completed in 6ms
705 timing build:link:node_modules/nodemon Completed in 6ms
706 timing build:link:node_modules/nopt Completed in 6ms
707 timing build:link:node_modules/semver Completed in 6ms
708 timing build:link:node_modules/touch Completed in 6ms
709 timing build:link Completed in 8ms
710 timing build:deps Completed in 14ms
711 timing build Completed in 15ms
712 timing reify:build Completed in 16ms
713 timing reify:trash Completed in 4ms
714 timing reify:save Completed in 65ms
715 timing reify Completed in 4906ms
716 silly ADD node_modules/media-typer
717 silly ADD node_modules/abbrev
718 silly ADD node_modules/nopt
719 silly ADD node_modules/is-number
720 silly ADD node_modules/has-flag
721 silly ADD node_modules/has-symbols
722 silly ADD node_modules/has-proto
723 silly ADD node_modules/has
724 silly ADD node_modules/function-bind
725 silly ADD node_modules/object-inspect
726 silly ADD node_modules/get-intrinsic
727 silly ADD node_modules/call-bind
728 silly ADD node_modules/mime
729 silly ADD node_modules/side-channel
730 silly ADD node_modules/ipaddr.js
731 silly ADD node_modules/forwarded
732 silly ADD node_modules/ee-first
733 silly ADD node_modules/concat-map
734 silly ADD node_modules/balanced-match
735 silly ADD node_modules/brace-expansion
736 silly ADD node_modules/is-extglob
737 silly ADD node_modules/binary-extensions
738 silly ADD node_modules/to-regex-range
739 silly ADD node_modules/fill-range
740 silly ADD node_modules/picomatch
741 silly ADD node_modules/readdirp
742 silly ADD node_modules/normalize-path
743 silly ADD node_modules/is-glob
744 silly ADD node_modules/is-binary-path
745 silly ADD node_modules/glob-parent
746 silly ADD
747 silly ADD node_modules/braces
748 silly ADD node_modules/anymatch
749 silly ADD node_modules/undefsafe
750 silly ADD node_modules/touch
751 silly ADD node_modules/supports-color
752 silly ADD node_modules/simple-update-notifier
753 silly ADD node_modules/simple-update-notifier/node_modules/semver
754 silly ADD node_modules/semver
755 silly ADD node_modules/pstree.remy
756 silly ADD node_modules/minimatch
757 silly ADD node_modules/ignore-by-default
758 silly ADD node_modules/chokidar
759 silly ADD node_modules/mime-db
760 silly ADD node_modules/safer-buffer
761 silly ADD node_modules/toidentifier
762 silly ADD node_modules/inherits
763 silly ADD node_modules/ms
764 silly ADD node_modules/unpipe
765 silly ADD node_modules/raw-body
766 silly ADD node_modules/iconv-lite
767 silly ADD node_modules/destroy
768 silly ADD node_modules/bytes
769 silly ADD node_modules/negotiator
770 silly ADD node_modules/mime-types
771 silly ADD node_modules/utils-merge
772 silly ADD node_modules/type-is
773 silly ADD node_modules/statuses
774 silly ADD node_modules/setprototypeof
775 silly ADD node_modules/serve-static
776 silly ADD node_modules/send
777 silly ADD node_modules/send/node_modules/ms
778 silly ADD node_modules/safe-buffer
779 silly ADD node_modules/range-parser
780 silly ADD node_modules/qs
781 silly ADD node_modules/proxy-addr
782 silly ADD node_modules/path-to-regexp
783 silly ADD node_modules/parseurl
784 silly ADD node_modules/on-finished
785 silly ADD node_modules/methods
786 silly ADD node_modules/merge-descriptors
787 silly ADD node_modules/http-errors
788 silly ADD node_modules/fresh
789 silly ADD node_modules/finalhandler
790 silly ADD node_modules/etag
791 silly ADD node_modules/escape-html
792 silly ADD node_modules/encodeurl
793 silly ADD node_modules/depd
794 silly ADD node_modules/debug
795 silly ADD node_modules/cookie-signature
796 silly ADD node_modules/cookie
797 silly ADD node_modules/content-type
798 silly ADD node_modules/content-disposition
799 silly ADD node_modules/body-parser
800 silly ADD node_modules/array-flatten
801 silly ADD node_modules/accepts
802 silly ADD node_modules/vary
803 silly ADD node_modules/object-assign
804 silly ADD node_modules/nodemon
805 silly ADD node_modules/nodemon/node_modules/ms
806 silly ADD node_modules/nodemon/node_modules/debug
807 silly ADD node_modules/express
808 silly ADD node_modules/cors
809 timing command:install Completed in 4925ms
810 verbose exit 0
811 timing npm Completed in 5704ms
812 info ok
